PassThroughLoginComponent/build/outputs/logs/manifest-merger-debug-report.txt
-- Merging decision tree log ---
manifest
ADDED from src/main/AndroidManifest.xml:15:1-23:12
INJECTED from src/main/AndroidManifest.xml:15:1-23:12
INJECTED from src/main/AndroidManifest.xml:15:1-23:12
INJECTED from src/main/AndroidManifest.xml:15:1-23:12
INJECTED from src/main/AndroidManifest.xml:15:1-23:12
INJECTED from src/main/AndroidManifest.xml:15:1-23:12
INJECTED from src/main/AndroidManifest.xml:15:1-23:12
	package
		ADDED from src/main/AndroidManifest.xml:16:11-56
		INJECTED from src/main/AndroidManifest.xml
		INJECTED from src/main/AndroidManifest.xml
	android:versionName
		INJECTED from src/main/AndroidManifest.xml
		ADDED from src/main/AndroidManifest.xml:15:1-23:12
		INJECTED from src/main/AndroidManifest.xml
	android:versionCode
		INJECTED from src/main/AndroidManifest.xml
		ADDED from src/main/AndroidManifest.xml:15:1-23:12
		INJECTED from src/main/AndroidManifest.xml
	xmlns:android
		ADDED from src/main/AndroidManifest.xml:15:11-69
application
ADDED from src/main/AndroidManifest.xml:17:5-21:19
meta-data#AMZNAP@PassThroughLogin
ADDED from src/main/AndroidManifest.xml:19:9-20:117
	android:value
		ADDED from src/main/AndroidManifest.xml:20:20-115
	android:name
		ADDED from src/main/AndroidManifest.xml:19:20-58
uses-sdk
INJECTED from src/main/AndroidManifest.xml reason: use-sdk injection requested
INJECTED from src/main/AndroidManifest.xml
INJECTED from src/main/AndroidManifest.xml
INJECTED from src/main/AndroidManifest.xml
INJECTED from src/main/AndroidManifest.xml
	android:targetSdkVersion
		INJECTED from src/main/AndroidManifest.xml
		ADDED from src/main/AndroidManifest.xml
		INJECTED from src/main/AndroidManifest.xml
	android:minSdkVersion
		INJECTED from src/main/AndroidManifest.xml
		ADDED from src/main/AndroidManifest.xml
		INJECTED from src/main/AndroidManifest.xml